[2024-06-04T18:55:48.845] [INFO] loadBalancer - {
  method: 'GET',
  url: '/api/request?apiType=REST&payloadSize=500&queueType=fifo',
  status: 200,
  endpoint: 'http://localhost:3000/api/rest/fast',
  timestamp: '2024-06-04T13:25:48.845Z'
}
[2024-06-04T18:55:58.781] [INFO] loadBalancer - {
  method: 'GET',
  url: '/api/request?apiType=REST&payloadSize=2000&queueType=fifo',
  status: 200,
  endpoint: 'http://localhost:3000/api/rest/slow',
  timestamp: '2024-06-04T13:25:58.781Z'
}
[2024-06-04T18:56:31.720] [INFO] loadBalancer - {
  method: 'GET',
  url: '/api/request?apiType=REST&payloadSize=2000&queueType=priority',
  status: 200,
  endpoint: 'http://localhost:3000/api/rest/slow',
  timestamp: '2024-06-04T13:26:31.720Z'
}
[2024-06-04T18:57:03.952] [INFO] loadBalancer - {
  method: 'POST',
  url: '/api/request?apiType=GraphQL&payloadSize=500&queueType=fifo',
  status: 200,
  endpoint: 'http://localhost:3000/api/graphql',
  timestamp: '2024-06-04T13:27:03.952Z'
}
[2024-06-04T19:01:33.988] [INFO] loadBalancer - {
  method: 'GET',
  url: '/api/request?apiType=REST&payloadSize=500&queueType=fifo',
  status: 200,
  endpoint: 'http://localhost:3000/api/rest/fast',
  timestamp: '2024-06-04T13:31:33.988Z'
}
[2024-06-04T19:01:40.383] [INFO] loadBalancer - {
  method: 'GET',
  url: '/api/request?apiType=REST&payloadSize=2000&queueType=fifo',
  status: 200,
  endpoint: 'http://localhost:3000/api/rest/slow',
  timestamp: '2024-06-04T13:31:40.383Z'
}
