[2024-06-04T18:55:48.847] [INFO] metrics - {
  queueType: 'fifo',
  duration: 65,
  method: 'GET',
  url: '/api/request?apiType=REST&payloadSize=500&queueType=fifo',
  payloadSize: '500',
  timestamp: '2024-06-04T13:25:48.847Z'
}
[2024-06-04T18:55:58.782] [INFO] metrics - {
  queueType: 'fifo',
  duration: 2014,
  method: 'GET',
  url: '/api/request?apiType=REST&payloadSize=2000&queueType=fifo',
  payloadSize: '2000',
  timestamp: '2024-06-04T13:25:58.782Z'
}
[2024-06-04T18:56:31.721] [INFO] metrics - {
  queueType: 'priority',
  duration: 2013,
  method: 'GET',
  url: '/api/request?apiType=REST&payloadSize=2000&queueType=priority',
  payloadSize: '2000',
  timestamp: '2024-06-04T13:26:31.721Z'
}
[2024-06-04T18:57:03.953] [INFO] metrics - {
  queueType: 'fifo',
  duration: 10,
  method: 'POST',
  url: '/api/request?apiType=GraphQL&payloadSize=500&queueType=fifo',
  payloadSize: '500',
  timestamp: '2024-06-04T13:27:03.953Z'
}
[2024-06-04T19:01:33.989] [INFO] metrics - {
  queueType: 'fifo',
  duration: 45,
  method: 'GET',
  url: '/api/request?apiType=REST&payloadSize=500&queueType=fifo',
  payloadSize: '500',
  timestamp: '2024-06-04T13:31:33.989Z'
}
[2024-06-04T19:01:40.383] [INFO] metrics - {
  queueType: 'fifo',
  duration: 2006,
  method: 'GET',
  url: '/api/request?apiType=REST&payloadSize=2000&queueType=fifo',
  payloadSize: '2000',
  timestamp: '2024-06-04T13:31:40.383Z'
}
